2023-10-01 05:56:04 DEBUG test case:13 - test
2023-10-01 05:56:04 WARN test case:14 - test
2023-10-01 05:56:04 INFO test case:15 - test
2023-10-01 05:56:04 ERROR test case:16 - error
2023-10-01 05:56:04 FATAL test case:17 - Fatal error
2023-10-01 05:57:06 DEBUG test case:13 - test
2023-10-01 05:57:06 WARN test case:14 - test
2023-10-01 05:57:06 INFO test case:15 - test
2023-10-01 05:57:06 ERROR test case:16 - error
2023-10-01 05:57:06 FATAL test case:17 - Fatal error
2023-10-01 05:57:46 DEBUG test case:13 - test
2023-10-01 05:57:46 WARN test case:14 - test
2023-10-01 05:57:46 INFO test case:15 - test
2023-10-01 05:57:46 ERROR test case:16 - error
2023-10-01 05:57:46 FATAL test case:17 - Fatal error
2023-10-01 05:58:14 DEBUG test case:13 - test
2023-10-01 05:58:14 WARN test case:14 - test
2023-10-01 05:58:14 INFO test case:15 - test
2023-10-01 05:58:14 ERROR test case:16 - error
2023-10-01 05:58:14 FATAL test case:17 - Fatal error
2023-10-01 06:17:53 DEBUG test case:18 - test
2023-10-01 06:17:53 WARN test case:19 - test
2023-10-01 06:17:53 INFO test case:20 - test
2023-10-01 06:17:53 ERROR test case:21 - error
2023-10-01 06:17:53 FATAL test case:22 - Fatal error
2023-10-01 06:18:42 DEBUG test case:18 - test
2023-10-01 06:18:42 WARN test case:19 - test
2023-10-01 06:18:42 INFO test case:20 - test
2023-10-01 06:18:42 ERROR test case:21 - error
2023-10-01 06:18:42 FATAL test case:22 - Fatal error
2023-10-01 06:20:05 DEBUG test case:18 - test
2023-10-01 06:20:05 WARN test case:19 - test
2023-10-01 06:20:05 INFO test case:20 - test
2023-10-01 06:20:05 ERROR test case:21 - error
2023-10-01 06:20:05 FATAL test case:22 - Fatal error
2023-10-01 06:20:23 DEBUG test case:18 - test
2023-10-01 06:20:23 WARN test case:19 - test
2023-10-01 06:20:23 INFO test case:20 - test
2023-10-01 06:20:23 ERROR test case:21 - error
2023-10-01 06:20:23 FATAL test case:22 - Fatal error
2023-10-01 06:21:12 DEBUG test case:18 - test
2023-10-01 06:21:12 WARN test case:19 - test
2023-10-01 06:21:12 INFO test case:20 - test
2023-10-01 06:21:12 ERROR test case:21 - error
2023-10-01 06:21:12 FATAL test case:22 - Fatal error
2023-10-01 06:21:57 DEBUG test case:18 - test
2023-10-01 06:21:57 WARN test case:19 - test
2023-10-01 06:21:57 INFO test case:20 - test
2023-10-01 06:21:57 ERROR test case:21 - error
2023-10-01 06:21:57 FATAL test case:22 - Fatal error
2023-10-01 07:39:29 DEBUG TestLogging.main():14 - Debug message
2023-10-01 07:39:29 WARN TestLogging.main():15 - Warning message
2023-10-01 07:39:29 INFO TestLogging.main():16 - Information message
2023-10-01 07:39:29 ERROR TestLogging.main():17 - Error occurred
2023-10-01 07:39:29 FATAL TestLogging.main():18 - Fatal error occurred
2023-10-01 07:41:25 DEBUG TestLogging.main():14 - Debug message
2023-10-01 07:41:25 WARN TestLogging.main():15 - Warning message
2023-10-01 07:41:25 INFO TestLogging.main():16 - Information message
2023-10-01 07:41:25 ERROR TestLogging.main():17 - Error occurred
2023-10-01 07:41:25 FATAL TestLogging.main():18 - Fatal error occurred
2023-10-01 07:41:40 DEBUG TestLogging.main():14 - Debug message
2023-10-01 07:41:40 WARN TestLogging.main():15 - Warning message
2023-10-01 07:41:40 INFO TestLogging.main():16 - Information message
2023-10-01 07:41:40 ERROR TestLogging.main():17 - Error occurred
2023-10-01 07:41:40 FATAL TestLogging.main():18 - Fatal error occurred
2023-10-01 07:42:52 ERROR TestLogging.main():17 - Error occurred
2023-10-01 07:42:52 FATAL TestLogging.main():18 - Fatal error occurred
2023-10-01 07:43:23 WARN TestLogging.main():15 - Warning message
2023-10-01 07:43:23 ERROR TestLogging.main():17 - Error occurred
2023-10-01 07:43:23 FATAL TestLogging.main():18 - Fatal error occurred
2023-10-01 07:43:42 DEBUG TestLogging.main():14 - Debug message
2023-10-01 07:43:42 INFO TestLogging.main():15 - Information message
2023-10-01 07:43:42 WARN TestLogging.main():16 - Warning message
2023-10-01 07:43:42 ERROR TestLogging.main():17 - Error occurred
2023-10-01 07:43:42 FATAL TestLogging.main():18 - Fatal error occurred
2023-10-01 07:43:54 INFO TestLogging.main():15 - Information message
2023-10-01 07:43:54 WARN TestLogging.main():16 - Warning message
2023-10-01 07:43:54 ERROR TestLogging.main():17 - Error occurred
2023-10-01 07:43:54 FATAL TestLogging.main():18 - Fatal error occurred
2023-10-01 07:44:43 INFO TestLogging.main():15 - Information message
2023-10-01 07:44:43 WARN TestLogging.main():16 - Warning message
2023-10-01 07:44:43 ERROR TestLogging.main():17 - Error occurred
2023-10-01 07:44:43 FATAL TestLogging.main():18 - Fatal error occurred
